2013-06-20 03:46:13+0200 [scrapy] INFO: Scrapy 0.16.5 started (bot: dame_post)
2013-06-20 03:46:13+0200 [scrapy] DEBUG: Enabled extensions: FeedExporter, LogStats, TelnetConsole, CloseSpider, WebService, CoreStats, SpiderState
2013-06-20 03:46:13+0200 [scrapy] DEBUG: Enabled downloader middlewares: HttpAuthMiddleware, DownloadTimeoutMiddleware, UserAgentMiddleware, RetryMiddleware, DefaultHeadersMiddleware, RedirectMiddleware, CookiesMiddleware, HttpCompressionMiddleware, ChunkedTransferMiddleware, DownloaderStats
2013-06-20 03:46:13+0200 [scrapy] DEBUG: Enabled spider middlewares: HttpErrorMiddleware, OffsiteMiddleware, RefererMiddleware, UrlLengthMiddleware, DepthMiddleware
2013-06-20 03:46:13+0200 [scrapy] DEBUG: Enabled item pipelines: DamePostPipeline
2013-06-20 03:46:13+0200 [dame_post] INFO: Spider opened
2013-06-20 03:46:13+0200 [dame_post] INFO: Crawled 0 pages (at 0 pages/min), scraped 0 items (at 0 items/min)
2013-06-20 03:46:13+0200 [scrapy] DEBUG: Telnet console listening on 0.0.0.0:6023
2013-06-20 03:46:13+0200 [scrapy] DEBUG: Web service listening on 0.0.0.0:6080
2013-06-20 03:46:14+0200 [dame_post] DEBUG: Crawled (200) <GET http://osl.ugr.es/> (referer: None)
2013-06-20 03:46:15+0200 [dame_post] DEBUG: Crawled (200) <GET http://osl.ugr.es/page/2/> (referer: http://osl.ugr.es/)
2013-06-20 03:46:16+0200 [dame_post] DEBUG: Crawled (200) <GET http://osl.ugr.es/page/3/> (referer: http://osl.ugr.es/page/2/)
2013-06-20 03:46:16+0200 [dame_post] DEBUG: Redirecting (301) to <GET http://osl.ugr.es/page/3/%20http:/www.flickr.com/photos/atalaya/sets/72157633440395108/> from <GET http://osl.ugr.es/page/3/%20http://www.flickr.com/photos/atalaya/sets/72157633440395108/>
2013-06-20 03:46:17+0200 [dame_post] DEBUG: Crawled (404) <GET http://osl.ugr.es/page/3/%20http:/www.flickr.com/photos/atalaya/sets/72157633440395108/> (referer: http://osl.ugr.es/page/3/)
2013-06-20 03:46:17+0200 [dame_post] DEBUG: Crawled (200) <GET http://osl.ugr.es/page/4/> (referer: http://osl.ugr.es/page/3/)
2013-06-20 03:46:18+0200 [dame_post] DEBUG: Crawled (200) <GET http://osl.ugr.es/page/5/> (referer: http://osl.ugr.es/page/4/)
2013-06-20 03:46:18+0200 [dame_post] DEBUG: Crawled (404) <GET http://osl.ugr.es/page/5/www.cocoroco.es> (referer: http://osl.ugr.es/page/5/)
2013-06-20 03:46:18+0200 [dame_post] DEBUG: Crawled (200) <GET http://osl.ugr.es/page/6/> (referer: http://osl.ugr.es/page/5/)
2013-06-20 03:46:19+0200 [dame_post] DEBUG: Crawled (200) <GET http://osl.ugr.es/page/7/> (referer: http://osl.ugr.es/page/6/)
2013-06-20 03:46:20+0200 [dame_post] DEBUG: Crawled (200) <GET http://osl.ugr.es/page/8/> (referer: http://osl.ugr.es/page/7/)
2013-06-20 03:46:21+0200 [dame_post] DEBUG: Crawled (200) <GET http://osl.ugr.es/page/9/> (referer: http://osl.ugr.es/page/8/)
2013-06-20 03:46:22+0200 [dame_post] DEBUG: Crawled (200) <GET http://osl.ugr.es/page/10/> (referer: http://osl.ugr.es/page/9/)
2013-06-20 03:46:23+0200 [dame_post] DEBUG: Crawled (200) <GET http://osl.ugr.es/page/11/> (referer: http://osl.ugr.es/page/10/)
2013-06-20 03:46:24+0200 [dame_post] DEBUG: Crawled (200) <GET http://osl.ugr.es/page/12/> (referer: http://osl.ugr.es/page/11/)
2013-06-20 03:46:25+0200 [dame_post] DEBUG: Crawled (200) <GET http://osl.ugr.es/page/13/> (referer: http://osl.ugr.es/page/12/)
2013-06-20 03:46:25+0200 [dame_post] DEBUG: Crawled (200) <GET http://osl.ugr.es/page/14/> (referer: http://osl.ugr.es/page/13/)
2013-06-20 03:46:26+0200 [dame_post] DEBUG: Crawled (200) <GET http://osl.ugr.es/page/15/> (referer: http://osl.ugr.es/page/14/)
2013-06-20 03:46:27+0200 [dame_post] DEBUG: Crawled (200) <GET http://osl.ugr.es/page/16/> (referer: http://osl.ugr.es/page/15/)
2013-06-20 03:46:28+0200 [dame_post] DEBUG: Redirecting (301) to <GET http://osl.ugr.es/page/16/%20http:/socfilatnumgranadina.blogspot.com.es/2012/09/concesion-de-un-ordenador-la-sociedad.html> from <GET http://osl.ugr.es/page/16/%20http://socfilatnumgranadina.blogspot.com.es/2012/09/concesion-de-un-ordenador-la-sociedad.html>
2013-06-20 03:46:28+0200 [dame_post] DEBUG: Crawled (404) <GET http://osl.ugr.es/page/16/osl.ugr.es> (referer: http://osl.ugr.es/page/16/)
2013-06-20 03:46:28+0200 [dame_post] DEBUG: Crawled (404) <GET http://osl.ugr.es/page/16/%20http:/socfilatnumgranadina.blogspot.com.es/2012/09/concesion-de-un-ordenador-la-sociedad.html> (referer: http://osl.ugr.es/page/16/)
2013-06-20 03:46:28+0200 [dame_post] DEBUG: Crawled (200) <GET http://osl.ugr.es/page/17/> (referer: http://osl.ugr.es/page/16/)
2013-06-20 03:46:29+0200 [dame_post] DEBUG: Crawled (404) <GET http://osl.ugr.es/page/17/href> (referer: http://osl.ugr.es/page/17/)
2013-06-20 03:46:29+0200 [dame_post] DEBUG: Crawled (200) <GET http://osl.ugr.es/page/18/> (referer: http://osl.ugr.es/page/17/)
2013-06-20 03:46:30+0200 [dame_post] DEBUG: Crawled (404) <GET http://osl.ugr.es/page/18/Juego%20creado%20con%20pygame> (referer: http://osl.ugr.es/page/18/)
2013-06-20 03:46:30+0200 [dame_post] DEBUG: Crawled (404) <GET http://osl.ugr.es/page/18/www.pitivi.org/> (referer: http://osl.ugr.es/page/18/)
2013-06-20 03:46:30+0200 [dame_post] DEBUG: Crawled (200) <GET http://osl.ugr.es/page/19/> (referer: http://osl.ugr.es/page/18/)
2013-06-20 03:46:31+0200 [dame_post] DEBUG: Crawled (200) <GET http://osl.ugr.es/page/20/> (referer: http://osl.ugr.es/page/19/)
2013-06-20 03:46:32+0200 [dame_post] DEBUG: Crawled (200) <GET http://osl.ugr.es/page/21/> (referer: http://osl.ugr.es/page/20/)
2013-06-20 03:46:33+0200 [dame_post] DEBUG: Crawled (200) <GET http://osl.ugr.es/page/22/> (referer: http://osl.ugr.es/page/21/)
2013-06-20 03:46:34+0200 [dame_post] DEBUG: Crawled (200) <GET http://osl.ugr.es/page/23/> (referer: http://osl.ugr.es/page/22/)
2013-06-20 03:46:35+0200 [dame_post] DEBUG: Crawled (200) <GET http://osl.ugr.es/page/24/> (referer: http://osl.ugr.es/page/23/)
2013-06-20 03:46:35+0200 [dame_post] DEBUG: Crawled (200) <GET http://osl.ugr.es/page/25/> (referer: http://osl.ugr.es/page/24/)
2013-06-20 03:46:36+0200 [dame_post] DEBUG: Crawled (200) <GET http://osl.ugr.es/page/26/> (referer: http://osl.ugr.es/page/25/)
2013-06-20 03:46:37+0200 [dame_post] DEBUG: Crawled (200) <GET http://osl.ugr.es/page/27/> (referer: http://osl.ugr.es/page/26/)
2013-06-20 03:46:38+0200 [dame_post] DEBUG: Crawled (200) <GET http://osl.ugr.es/page/28/> (referer: http://osl.ugr.es/page/27/)
2013-06-20 03:46:39+0200 [dame_post] DEBUG: Crawled (404) <GET http://osl.ugr.es/page/28/www.r-project.org> (referer: http://osl.ugr.es/page/28/)
2013-06-20 03:46:39+0200 [dame_post] DEBUG: Crawled (200) <GET http://osl.ugr.es/page/29/> (referer: http://osl.ugr.es/page/28/)
2013-06-20 03:46:40+0200 [dame_post] DEBUG: Crawled (200) <GET http://osl.ugr.es/page/30/> (referer: http://osl.ugr.es/page/29/)
2013-06-20 03:46:41+0200 [dame_post] DEBUG: Crawled (200) <GET http://osl.ugr.es/page/31/> (referer: http://osl.ugr.es/page/30/)
2013-06-20 03:46:42+0200 [dame_post] DEBUG: Crawled (200) <GET http://osl.ugr.es/page/32/> (referer: http://osl.ugr.es/page/31/)
2013-06-20 03:46:42+0200 [dame_post] DEBUG: Crawled (200) <GET http://osl.ugr.es/page/33/> (referer: http://osl.ugr.es/page/32/)
2013-06-20 03:46:43+0200 [dame_post] DEBUG: Crawled (200) <GET http://osl.ugr.es/page/34/> (referer: http://osl.ugr.es/page/33/)
2013-06-20 03:46:44+0200 [dame_post] DEBUG: Crawled (200) <GET http://osl.ugr.es/page/35/> (referer: http://osl.ugr.es/page/34/)
2013-06-20 03:46:45+0200 [dame_post] DEBUG: Crawled (200) <GET http://osl.ugr.es/page/36/> (referer: http://osl.ugr.es/page/35/)
2013-06-20 03:46:46+0200 [dame_post] DEBUG: Crawled (200) <GET http://osl.ugr.es/page/37/> (referer: http://osl.ugr.es/page/36/)
2013-06-20 03:46:46+0200 [dame_post] DEBUG: Crawled (404) <GET http://osl.ugr.es/page/37/href> (referer: http://osl.ugr.es/page/37/)
2013-06-20 03:46:47+0200 [dame_post] DEBUG: Crawled (200) <GET http://osl.ugr.es/page/38/> (referer: http://osl.ugr.es/page/37/)
2013-06-20 03:46:48+0200 [dame_post] DEBUG: Crawled (200) <GET http://osl.ugr.es/page/39/> (referer: http://osl.ugr.es/page/38/)
2013-06-20 03:46:49+0200 [dame_post] DEBUG: Crawled (200) <GET http://osl.ugr.es/page/40/> (referer: http://osl.ugr.es/page/39/)
2013-06-20 03:46:49+0200 [dame_post] DEBUG: Crawled (200) <GET http://osl.ugr.es/page/41/> (referer: http://osl.ugr.es/page/40/)
2013-06-20 03:46:50+0200 [dame_post] DEBUG: Redirecting (301) to <GET http://osl.ugr.es/cursos-y-eventos/talleres-de-software-libre-en-la-facultad-de-ciencias-2010-2011/> from <GET http://osl.ugr.es/page/cursos-y-eventos/talleres-de-software-libre-en-la-facultad-de-ciencias-2010-2011/>
2013-06-20 03:46:50+0200 [dame_post] DEBUG: Crawled (404) <GET http://osl.ugr.es/page/41/www.latex-project.org/> (referer: http://osl.ugr.es/page/41/)
2013-06-20 03:46:50+0200 [dame_post] DEBUG: Crawled (404) <GET http://osl.ugr.es/page/41/www.ugr.es/~dpto_gen/> (referer: http://osl.ugr.es/page/41/)
2013-06-20 03:46:50+0200 [dame_post] DEBUG: Crawled (404) <GET http://osl.ugr.es/page/41/www.ugr.es/~ama/> (referer: http://osl.ugr.es/page/41/)
2013-06-20 03:46:50+0200 [dame_post] DEBUG: Crawled (404) <GET http://osl.ugr.es/page/41/www.lyx.org/> (referer: http://osl.ugr.es/page/41/)
2013-06-20 03:46:50+0200 [dame_post] DEBUG: Crawled (404) <GET http://osl.ugr.es/page/41/www.psicobyte.com/> (referer: http://osl.ugr.es/page/41/)
2013-06-20 03:46:51+0200 [dame_post] DEBUG: Crawled (200) <GET http://osl.ugr.es/page/42/> (referer: http://osl.ugr.es/page/41/)
2013-06-20 03:46:51+0200 [dame_post] DEBUG: Crawled (200) <GET http://osl.ugr.es/cursos-y-eventos/talleres-de-software-libre-en-la-facultad-de-ciencias-2010-2011/> (referer: http://osl.ugr.es/page/41/)
2013-06-20 03:46:52+0200 [dame_post] DEBUG: Crawled (200) <GET http://osl.ugr.es/page/43/> (referer: http://osl.ugr.es/page/42/)
2013-06-20 03:46:52+0200 [dame_post] DEBUG: Redirecting (301) to <GET http://osl.ugr.es/page/43/%20http:/georemindme.com> from <GET http://osl.ugr.es/page/43/%20http://georemindme.com>
2013-06-20 03:46:53+0200 [dame_post] DEBUG: Crawled (404) <GET http://osl.ugr.es/page/43/%20http:/georemindme.com> (referer: http://osl.ugr.es/page/43/)
2013-06-20 03:46:53+0200 [dame_post] DEBUG: Crawled (200) <GET http://osl.ugr.es/page/44/> (referer: http://osl.ugr.es/page/43/)
2013-06-20 03:46:53+0200 [dame_post] DEBUG: Crawled (404) <GET http://osl.ugr.es/page/44/www.perl.org/> (referer: http://osl.ugr.es/page/44/)
2013-06-20 03:46:54+0200 [dame_post] DEBUG: Crawled (200) <GET http://osl.ugr.es/page/45/> (referer: http://osl.ugr.es/page/44/)
2013-06-20 03:46:54+0200 [dame_post] DEBUG: Crawled (404) <GET http://osl.ugr.es/page/45/es.wikipedia.org/wiki/Richard_Stallman> (referer: http://osl.ugr.es/page/45/)
2013-06-20 03:46:54+0200 [dame_post] DEBUG: Crawled (404) <GET http://osl.ugr.es/page/45/geneura.ugr.es/~jmerelo/> (referer: http://osl.ugr.es/page/45/)
2013-06-20 03:46:54+0200 [dame_post] DEBUG: Crawled (404) <GET http://osl.ugr.es/page/45/www.python.org/> (referer: http://osl.ugr.es/page/45/)
2013-06-20 03:46:54+0200 [dame_post] DEBUG: Redirecting (301) to <GET http://osl.ugr.es/2010/05/28/esta-pagina-web-opta-a-los-premios-ideal/> from <GET http://osl.ugr.es/page/45/www.ruby-lang.org/es/>
2013-06-20 03:46:55+0200 [dame_post] DEBUG: Crawled (200) <GET http://osl.ugr.es/page/46/> (referer: http://osl.ugr.es/page/45/)
2013-06-20 03:46:55+0200 [dame_post] DEBUG: Crawled (200) <GET http://osl.ugr.es/2010/05/28/esta-pagina-web-opta-a-los-premios-ideal/> (referer: http://osl.ugr.es/page/45/)
2013-06-20 03:46:56+0200 [dame_post] DEBUG: Crawled (200) <GET http://osl.ugr.es/page/47/> (referer: http://osl.ugr.es/page/46/)
2013-06-20 03:46:56+0200 [dame_post] DEBUG: Redirecting (301) to <GET http://osl.ugr.es/2011/08/25/linux-celebra-su-20-cumpleanos/> from <GET http://osl.ugr.es/page/47/en.wikipedia.org/wiki/Linux>
2013-06-20 03:46:56+0200 [dame_post] DEBUG: Crawled (404) <GET http://osl.ugr.es/page/47/en.wikipedia.org/wiki/Richard_Stallman> (referer: http://osl.ugr.es/page/47/)
2013-06-20 03:46:56+0200 [dame_post] DEBUG: Crawled (404) <GET http://osl.ugr.es/page/47/www.gnu.org/> (referer: http://osl.ugr.es/page/47/)
2013-06-20 03:46:56+0200 [dame_post] DEBUG: Crawled (404) <GET http://osl.ugr.es/page/47/en.wikipedia.org/wiki/Linus_Torvalds> (referer: http://osl.ugr.es/page/47/)
2013-06-20 03:46:57+0200 [dame_post] DEBUG: Crawled (200) <GET http://osl.ugr.es/page/48/> (referer: http://osl.ugr.es/page/47/)
2013-06-20 03:46:57+0200 [dame_post] DEBUG: Crawled (200) <GET http://osl.ugr.es/2011/08/25/linux-celebra-su-20-cumpleanos/> (referer: http://osl.ugr.es/page/47/)
2013-06-20 03:46:58+0200 [dame_post] DEBUG: Crawled (200) <GET http://osl.ugr.es/page/49/> (referer: http://osl.ugr.es/page/48/)
2013-06-20 03:46:58+0200 [dame_post] DEBUG: Crawled (200) <GET http://osl.ugr.es/page/50/> (referer: http://osl.ugr.es/page/49/)
2013-06-20 03:46:59+0200 [dame_post] DEBUG: Crawled (200) <GET http://osl.ugr.es/page/51/> (referer: http://osl.ugr.es/page/50/)
2013-06-20 03:47:00+0200 [dame_post] DEBUG: Crawled (200) <GET http://osl.ugr.es/page/52/> (referer: http://osl.ugr.es/page/51/)
2013-06-20 03:47:01+0200 [dame_post] DEBUG: Crawled (200) <GET http://osl.ugr.es/page/53/> (referer: http://osl.ugr.es/page/52/)
2013-06-20 03:47:02+0200 [dame_post] DEBUG: Crawled (200) <GET http://osl.ugr.es/page/54/> (referer: http://osl.ugr.es/page/53/)
2013-06-20 03:47:03+0200 [dame_post] DEBUG: Crawled (200) <GET http://osl.ugr.es/page/55/> (referer: http://osl.ugr.es/page/54/)
2013-06-20 03:47:04+0200 [dame_post] DEBUG: Crawled (200) <GET http://osl.ugr.es/page/56/> (referer: http://osl.ugr.es/page/55/)
2013-06-20 03:47:05+0200 [dame_post] DEBUG: Crawled (200) <GET http://osl.ugr.es/page/57/> (referer: http://osl.ugr.es/page/56/)
2013-06-20 03:47:06+0200 [dame_post] DEBUG: Crawled (200) <GET http://osl.ugr.es/page/58/> (referer: http://osl.ugr.es/page/57/)
2013-06-20 03:47:06+0200 [dame_post] DEBUG: Crawled (200) <GET http://osl.ugr.es/page/59/> (referer: http://osl.ugr.es/page/58/)
2013-06-20 03:47:07+0200 [dame_post] DEBUG: Crawled (200) <GET http://osl.ugr.es/page/60/> (referer: http://osl.ugr.es/page/59/)
2013-06-20 03:47:08+0200 [dame_post] DEBUG: Crawled (200) <GET http://osl.ugr.es/page/61/> (referer: http://osl.ugr.es/page/60/)
2013-06-20 03:47:10+0200 [dame_post] DEBUG: Crawled (200) <GET http://osl.ugr.es/page/62/> (referer: http://osl.ugr.es/page/61/)
2013-06-20 03:47:13+0200 [dame_post] DEBUG: Crawled (200) <GET http://osl.ugr.es/page/63/> (referer: http://osl.ugr.es/page/62/)
2013-06-20 03:47:13+0200 [dame_post] INFO: Crawled 88 pages (at 88 pages/min), scraped 0 items (at 0 items/min)
2013-06-20 03:47:14+0200 [dame_post] DEBUG: Crawled (200) <GET http://osl.ugr.es/page/64/> (referer: http://osl.ugr.es/page/63/)
2013-06-20 03:47:16+0200 [dame_post] DEBUG: Crawled (200) <GET http://osl.ugr.es/page/65/> (referer: http://osl.ugr.es/page/64/)
2013-06-20 03:47:18+0200 [dame_post] DEBUG: Crawled (200) <GET http://osl.ugr.es/page/66/> (referer: http://osl.ugr.es/page/65/)
2013-06-20 03:47:19+0200 [dame_post] DEBUG: Crawled (200) <GET http://osl.ugr.es/page/67/> (referer: http://osl.ugr.es/page/66/)
2013-06-20 03:47:20+0200 [dame_post] DEBUG: Crawled (200) <GET http://osl.ugr.es/page/68/> (referer: http://osl.ugr.es/page/67/)
2013-06-20 03:47:21+0200 [dame_post] DEBUG: Crawled (200) <GET http://osl.ugr.es/page/69/> (referer: http://osl.ugr.es/page/68/)
2013-06-20 03:47:21+0200 [dame_post] DEBUG: Crawled (404) <GET http://osl.ugr.es/page/69/www.ugr.es/~gas/> (referer: http://osl.ugr.es/page/69/)
2013-06-20 03:47:22+0200 [dame_post] DEBUG: Crawled (200) <GET http://osl.ugr.es/page/70/> (referer: http://osl.ugr.es/page/69/)
2013-06-20 03:47:22+0200 [dame_post] DEBUG: Crawled (404) <GET http://osl.ugr.es/page/> (referer: http://osl.ugr.es/page/70/)
2013-06-20 03:47:22+0200 [dame_post] DEBUG: Redirecting (301) to <GET http://osl.ugr.es/2010/03/02/taller-de-introduccion-a-perl/> from <GET http://osl.ugr.es/page/2010/03/02/taller-de-introduccion-a-perl/>
2013-06-20 03:47:22+0200 [dame_post] DEBUG: Redirecting (301) to <GET http://osl.ugr.es/2012/11/09/inkscape-en-bbaa/> from <GET http://osl.ugr.es/page/talleres/Inkscape/>
2013-06-20 03:47:22+0200 [dame_post] DEBUG: Redirecting (301) to <GET http://osl.ugr.es/cursos-y-eventos/actividades-de-la-osl/> from <GET http://osl.ugr.es/page/cursos-y-eventos/actividades-de-la-osl/>
2013-06-20 03:47:22+0200 [dame_post] DEBUG: Redirecting (301) to <GET http://osl.ugr.es/cursos-y-eventos/actividades-de-la-osl/> from <GET http://osl.ugr.es/page/2010/04/23/cursos-y-eventos/actividades-de-la-osl/>
2013-06-20 03:47:23+0200 [dame_post] DEBUG: Crawled (404) <GET http://osl.ugr.es/page/2010/04/23/> (referer: http://osl.ugr.es/page/70/)
2013-06-20 03:47:23+0200 [dame_post] DEBUG: Crawled (200) <GET http://osl.ugr.es/page/71/> (referer: http://osl.ugr.es/page/70/)
2013-06-20 03:47:23+0200 [dame_post] DEBUG: Crawled (200) <GET http://osl.ugr.es/2010/03/02/taller-de-introduccion-a-perl/> (referer: http://osl.ugr.es/page/70/)
2013-06-20 03:47:23+0200 [dame_post] DEBUG: Crawled (200) <GET http://osl.ugr.es/2012/11/09/inkscape-en-bbaa/> (referer: http://osl.ugr.es/page/70/)
2013-06-20 03:47:23+0200 [dame_post] DEBUG: Crawled (200) <GET http://osl.ugr.es/cursos-y-eventos/actividades-de-la-osl/> (referer: http://osl.ugr.es/page/70/)
2013-06-20 03:47:24+0200 [dame_post] DEBUG: Crawled (200) <GET http://osl.ugr.es/page/72/> (referer: http://osl.ugr.es/page/71/)
2013-06-20 03:47:25+0200 [dame_post] DEBUG: Crawled (404) <GET http://osl.ugr.es/page/72/href> (referer: http://osl.ugr.es/page/72/)
2013-06-20 03:47:25+0200 [dame_post] DEBUG: Crawled (200) <GET http://osl.ugr.es/page/73/> (referer: http://osl.ugr.es/page/72/)
2013-06-20 03:47:26+0200 [dame_post] DEBUG: Crawled (200) <GET http://osl.ugr.es/page/74/> (referer: http://osl.ugr.es/page/73/)
2013-06-20 03:47:27+0200 [dame_post] DEBUG: Crawled (200) <GET http://osl.ugr.es/page/75/> (referer: http://osl.ugr.es/page/74/)
2013-06-20 03:47:28+0200 [dame_post] DEBUG: Crawled (200) <GET http://osl.ugr.es/page/76/> (referer: http://osl.ugr.es/page/75/)
2013-06-20 03:47:29+0200 [dame_post] DEBUG: Crawled (200) <GET http://osl.ugr.es/page/77/> (referer: http://osl.ugr.es/page/76/)
2013-06-20 03:47:30+0200 [dame_post] DEBUG: Crawled (200) <GET http://osl.ugr.es/page/78/> (referer: http://osl.ugr.es/page/77/)
2013-06-20 03:47:30+0200 [dame_post] DEBUG: Redirecting (301) to <GET http://osl.ugr.es/2010/02/23/usando-guadalinex-edu-en-los-portatiles-escolares-de-la-junta-de-andalucia/> from <GET http://osl.ugr.es/page/2010/02/23/usando-guadalinex-edu-en-los-portatiles-escolares-de-la-junta-de-andalucia/>
2013-06-20 03:47:31+0200 [dame_post] DEBUG: Crawled (200) <GET http://osl.ugr.es/page/79/> (referer: http://osl.ugr.es/page/78/)
2013-06-20 03:47:32+0200 [dame_post] DEBUG: Crawled (200) <GET http://osl.ugr.es/page/80/> (referer: http://osl.ugr.es/page/79/)
2013-06-20 03:47:32+0200 [dame_post] DEBUG: Crawled (200) <GET http://osl.ugr.es/2010/02/23/usando-guadalinex-edu-en-los-portatiles-escolares-de-la-junta-de-andalucia/> (referer: http://osl.ugr.es/page/78/)
2013-06-20 03:47:34+0200 [dame_post] DEBUG: Crawled (200) <GET http://osl.ugr.es/page/81/> (referer: http://osl.ugr.es/page/80/)
2013-06-20 03:47:35+0200 [dame_post] DEBUG: Crawled (200) <GET http://osl.ugr.es/page/82/> (referer: http://osl.ugr.es/page/81/)
2013-06-20 03:47:36+0200 [dame_post] DEBUG: Redirecting (301) to <GET http://osl.ugr.es/cursos-y-eventos/talleres-vespertinos-etsiit/> from <GET http://osl.ugr.es/page/cursos-y-eventos/talleres-vespertinos-etsiit/>
2013-06-20 03:47:36+0200 [dame_post] DEBUG: Crawled (200) <GET http://osl.ugr.es/page/83/> (referer: http://osl.ugr.es/page/82/)
2013-06-20 03:47:36+0200 [dame_post] DEBUG: Crawled (200) <GET http://osl.ugr.es/cursos-y-eventos/talleres-vespertinos-etsiit/> (referer: http://osl.ugr.es/page/82/)
2013-06-20 03:47:37+0200 [dame_post] DEBUG: Crawled (200) <GET http://osl.ugr.es/page/84/> (referer: http://osl.ugr.es/page/83/)
2013-06-20 03:47:38+0200 [dame_post] DEBUG: Crawled (200) <GET http://osl.ugr.es/page/85/> (referer: http://osl.ugr.es/page/84/)
2013-06-20 03:47:39+0200 [dame_post] DEBUG: Crawled (200) <GET http://osl.ugr.es/page/86/> (referer: http://osl.ugr.es/page/85/)
2013-06-20 03:47:40+0200 [dame_post] DEBUG: Crawled (200) <GET http://osl.ugr.es/page/87/> (referer: http://osl.ugr.es/page/86/)
2013-06-20 03:47:41+0200 [dame_post] DEBUG: Crawled (200) <GET http://osl.ugr.es/page/88/> (referer: http://osl.ugr.es/page/87/)
2013-06-20 03:47:42+0200 [dame_post] DEBUG: Redirecting (301) to <GET http://osl.ugr.es/page/88/%3Cobject%20width=%22425%22%20height=%22344%22%3E%3Cparam%20name=%22movie%22%20value=%22http:/www.youtube.com/v/ehCgG9yZQmg&color1=0x6699&color2=0x54abd6&hl=en_US&feature=player_embedded&fs=1%22%3E%3C/param%3E%3Cparam%20name=%22allowFullScreen%22%20value=%22true%22%3E%3C/param%3E%3Cparam%20name=%22allowScriptAccess%22%20value=%22always%22%3E%3C/param%3E%3Cembed%20src=%22http:/www.youtube.com/v/ehCgG9yZQmg&color1=0x6699&color2=0x54abd6&hl=en_US&feature=player_embedded&fs=1%22%20type=%22application/x-shockwave-flash%22%20allowfullscreen=%22true%22%20allowScriptAccess=%22always%22%20width=%22425%22%20height=%22344%22%3E%3C/embed%3E%3C/object%3E> from <GET http://osl.ugr.es/page/88/%3Cobject%20width=%22425%22%20height=%22344%22%3E%3Cparam%20name=%22movie%22%20value=%22http://www.youtube.com/v/ehCgG9yZQmg&color1=0x6699&color2=0x54abd6&hl=en_US&feature=player_embedded&fs=1%22%3E%3C/param%3E%3Cparam%20name=%22allowFullScreen%22%20value=%22true%22%3E%3C/param%3E%3Cparam%20name=%22allowScriptAccess%22%20value=%22always%22%3E%3C/param%3E%3Cembed%20src=%22http://www.youtube.com/v/ehCgG9yZQmg&color1=0x6699&color2=0x54abd6&hl=en_US&feature=player_embedded&fs=1%22%20type=%22application/x-shockwave-flash%22%20allowfullscreen=%22true%22%20allowScriptAccess=%22always%22%20width=%22425%22%20height=%22344%22%3E%3C/embed%3E%3C/object%3E>
2013-06-20 03:47:42+0200 [dame_post] DEBUG: Crawled (404) <GET http://osl.ugr.es/page/88/%3Cobject%20width=%22425%22%20height=%22344%22%3E%3Cparam%20name=%22movie%22%20value=%22http:/www.youtube.com/v/ehCgG9yZQmg&color1=0x6699&color2=0x54abd6&hl=en_US&feature=player_embedded&fs=1%22%3E%3C/param%3E%3Cparam%20name=%22allowFullScreen%22%20value=%22true%22%3E%3C/param%3E%3Cparam%20name=%22allowScriptAccess%22%20value=%22always%22%3E%3C/param%3E%3Cembed%20src=%22http:/www.youtube.com/v/ehCgG9yZQmg&color1=0x6699&color2=0x54abd6&hl=en_US&feature=player_embedded&fs=1%22%20type=%22application/x-shockwave-flash%22%20allowfullscreen=%22true%22%20allowScriptAccess=%22always%22%20width=%22425%22%20height=%22344%22%3E%3C/embed%3E%3C/object%3E> (referer: http://osl.ugr.es/page/88/)
2013-06-20 03:47:42+0200 [dame_post] DEBUG: Crawled (200) <GET http://osl.ugr.es/page/89/> (referer: http://osl.ugr.es/page/88/)
2013-06-20 03:47:43+0200 [dame_post] DEBUG: Crawled (404) <GET http://osl.ugr.es/page/89/sl.ugr.es> (referer: http://osl.ugr.es/page/89/)
2013-06-20 03:47:43+0200 [dame_post] DEBUG: Crawled (200) <GET http://osl.ugr.es/page/90/> (referer: http://osl.ugr.es/page/89/)
2013-06-20 03:47:44+0200 [dame_post] DEBUG: Redirecting (301) to <GET http://osl.ugr.es/concurso-universitario-de-software-libre-granadino/> from <GET http://osl.ugr.es/page/concurso-universitario-de-software-libre-granadino/>
2013-06-20 03:47:44+0200 [dame_post] DEBUG: Crawled (200) <GET http://osl.ugr.es/page/91/> (referer: http://osl.ugr.es/page/90/)
2013-06-20 03:47:45+0200 [dame_post] DEBUG: Crawled (200) <GET http://osl.ugr.es/concurso-universitario-de-software-libre-granadino/> (referer: http://osl.ugr.es/page/90/)
2013-06-20 03:47:45+0200 [dame_post] DEBUG: Crawled (200) <GET http://osl.ugr.es/page/92/> (referer: http://osl.ugr.es/page/91/)
2013-06-20 03:47:46+0200 [dame_post] DEBUG: Crawled (200) <GET http://osl.ugr.es/page/93/> (referer: http://osl.ugr.es/page/92/)
2013-06-20 03:47:48+0200 [dame_post] DEBUG: Crawled (200) <GET http://osl.ugr.es/page/94/> (referer: http://osl.ugr.es/page/93/)
2013-06-20 03:47:49+0200 [dame_post] DEBUG: Crawled (200) <GET http://osl.ugr.es/page/95/> (referer: http://osl.ugr.es/page/94/)
2013-06-20 03:47:50+0200 [dame_post] DEBUG: Crawled (200) <GET http://osl.ugr.es/page/96/> (referer: http://osl.ugr.es/page/95/)
2013-06-20 03:47:51+0200 [dame_post] DEBUG: Crawled (200) <GET http://osl.ugr.es/page/97/> (referer: http://osl.ugr.es/page/96/)
2013-06-20 03:47:52+0200 [dame_post] DEBUG: Crawled (200) <GET http://osl.ugr.es/page/98/> (referer: http://osl.ugr.es/page/97/)
2013-06-20 03:47:53+0200 [dame_post] DEBUG: Crawled (200) <GET http://osl.ugr.es/page/99/> (referer: http://osl.ugr.es/page/98/)
2013-06-20 03:47:54+0200 [dame_post] DEBUG: Crawled (200) <GET http://osl.ugr.es/page/100/> (referer: http://osl.ugr.es/page/99/)
2013-06-20 03:47:55+0200 [dame_post] DEBUG: Crawled (200) <GET http://osl.ugr.es/page/101/> (referer: http://osl.ugr.es/page/100/)
2013-06-20 03:47:55+0200 [dame_post] DEBUG: Crawled (200) <GET http://osl.ugr.es/page/102/> (referer: http://osl.ugr.es/page/101/)
2013-06-20 03:47:56+0200 [dame_post] DEBUG: Crawled (200) <GET http://osl.ugr.es/page/103/> (referer: http://osl.ugr.es/page/102/)
2013-06-20 03:47:57+0200 [dame_post] DEBUG: Redirecting (301) to <GET http://osl.ugr.es/page/103/%20http:/atc.ugr.es/ficha_profe.php?id_cat=1&id_profe=19> from <GET http://osl.ugr.es/page/103/%20http://atc.ugr.es/ficha_profe.php?id_cat=1&id_profe=19>
2013-06-20 03:47:57+0200 [dame_post] DEBUG: Crawled (404) <GET http://osl.ugr.es/page/103/%20http:/atc.ugr.es/ficha_profe.php?id_cat=1&id_profe=19> (referer: http://osl.ugr.es/page/103/)
2013-06-20 03:47:57+0200 [dame_post] DEBUG: Crawled (200) <GET http://osl.ugr.es/page/104/> (referer: http://osl.ugr.es/page/103/)
2013-06-20 03:47:58+0200 [dame_post] DEBUG: Crawled (200) <GET http://osl.ugr.es/page/105/> (referer: http://osl.ugr.es/page/104/)
2013-06-20 03:47:59+0200 [dame_post] DEBUG: Crawled (200) <GET http://osl.ugr.es/page/106/> (referer: http://osl.ugr.es/page/105/)
2013-06-20 03:48:00+0200 [dame_post] DEBUG: Crawled (404) <GET http://osl.ugr.es/page/106/es.wikipedia.org/wiki/JavaScript> (referer: http://osl.ugr.es/page/106/)
2013-06-20 03:48:00+0200 [dame_post] DEBUG: Crawled (200) <GET http://osl.ugr.es/page/107/> (referer: http://osl.ugr.es/page/106/)
2013-06-20 03:48:01+0200 [dame_post] DEBUG: Crawled (200) <GET http://osl.ugr.es/page/108/> (referer: http://osl.ugr.es/page/107/)
2013-06-20 03:48:02+0200 [dame_post] DEBUG: Crawled (200) <GET http://osl.ugr.es/page/109/> (referer: http://osl.ugr.es/page/108/)
2013-06-20 03:48:02+0200 [dame_post] DEBUG: Crawled (200) <GET http://osl.ugr.es/page/110/> (referer: http://osl.ugr.es/page/109/)
2013-06-20 03:48:03+0200 [dame_post] DEBUG: Crawled (200) <GET http://osl.ugr.es/page/111/> (referer: http://osl.ugr.es/page/110/)
2013-06-20 03:48:04+0200 [dame_post] DEBUG: Crawled (404) <GET http://osl.ugr.es/page/111/www.guadalinex.org/fasciculos> (referer: http://osl.ugr.es/page/111/)
2013-06-20 03:48:04+0200 [dame_post] DEBUG: Crawled (200) <GET http://osl.ugr.es/page/112/> (referer: http://osl.ugr.es/page/111/)
2013-06-20 03:48:05+0200 [dame_post] DEBUG: Crawled (200) <GET http://osl.ugr.es/page/113/> (referer: http://osl.ugr.es/page/112/)
2013-06-20 03:48:06+0200 [dame_post] DEBUG: Crawled (200) <GET http://osl.ugr.es/page/114/> (referer: http://osl.ugr.es/page/113/)
2013-06-20 03:48:06+0200 [dame_post] DEBUG: Crawled (200) <GET http://osl.ugr.es/page/115/> (referer: http://osl.ugr.es/page/114/)
2013-06-20 03:48:07+0200 [dame_post] DEBUG: Crawled (200) <GET http://osl.ugr.es/page/116/> (referer: http://osl.ugr.es/page/115/)
2013-06-20 03:48:08+0200 [dame_post] DEBUG: Crawled (200) <GET http://osl.ugr.es/page/117/> (referer: http://osl.ugr.es/page/116/)
2013-06-20 03:48:09+0200 [dame_post] DEBUG: Crawled (200) <GET http://osl.ugr.es/page/118/> (referer: http://osl.ugr.es/page/117/)
2013-06-20 03:48:10+0200 [dame_post] DEBUG: Crawled (200) <GET http://osl.ugr.es/page/119/> (referer: http://osl.ugr.es/page/118/)
2013-06-20 03:48:11+0200 [dame_post] DEBUG: Crawled (200) <GET http://osl.ugr.es/page/120/> (referer: http://osl.ugr.es/page/119/)
2013-06-20 03:48:11+0200 [dame_post] INFO: Closing spider (finished)
2013-06-20 03:48:11+0200 [dame_post] INFO: Dumping Scrapy stats:
	{'downloader/request_bytes': 48711,
	 'downloader/request_count': 175,
	 'downloader/request_method_count/GET': 175,
	 'downloader/response_bytes': 2316364,
	 'downloader/response_count': 175,
	 'downloader/response_status_count/200': 129,
	 'downloader/response_status_count/301': 15,
	 'downloader/response_status_count/404': 31,
	 'finish_reason': 'finished',
	 'finish_time': datetime.datetime(2013, 6, 20, 1, 48, 11, 200427),
	 'log_count/DEBUG': 181,
	 'log_count/INFO': 5,
	 'request_depth_max': 120,
	 'response_received_count': 160,
	 'scheduler/dequeued': 175,
	 'scheduler/dequeued/memory': 175,
	 'scheduler/enqueued': 175,
	 'scheduler/enqueued/memory': 175,
	 'start_time': datetime.datetime(2013, 6, 20, 1, 46, 13, 329153)}
2013-06-20 03:48:11+0200 [dame_post] INFO: Spider closed (finished)
